<?xml version="1.0" encoding="UTF-8"?>
<!-- Generated by org.testng.reporters.JUnitXMLReporter -->
<testsuite ignored="0" hostname="DESKTOP-RFGG51U" failures="1" tests="1" name="Test" time="26.812" errors="0" timestamp="2023-11-09T12:37:55 IST">
  <testcase classname="testcase.TC001_RegisterTest" name="registerTest" time="5.262">
    <failure type="java.lang.AssertionError" message="expected [User] but found [User entered]">
      <![CDATA[java.lang.AssertionError: expected [User] but found [User entered]
at pages.RegisterPage.regButtonClick(RegisterPage.java:85)
at testcase.TC001_RegisterTest.registerTest(TC001_RegisterTest.java:30)
at java.base/java.util.ArrayList.forEach(ArrayList.java:1511)
at java.base/java.util.concurrent.FutureTask.run(FutureTask.java:264)
at java.base/java.util.concurrent.ThreadPoolExecutor.runWorker(ThreadPoolExecutor.java:1136)
at java.base/java.util.concurrent.ThreadPoolExecutor$Worker.run(ThreadPoolExecutor.java:635)
at java.base/java.lang.Thread.run(Thread.java:833)
... Removed 23 stack frames]]>
    </failure>
  </testcase> <!-- registerTest -->
</testsuite> <!-- Test -->
